<?xml version="1.0" encoding="UTF-8"?>
<!-- Generated by org.testng.reporters.JUnitReportReporter -->
<testsuite hostname="User-PC" name="Firefox" tests="8" failures="0" timestamp="15 Oct 2015 09:01:53 GMT" time="258.694" errors="0">
  <testcase name="Logout" time="5.458" classname="Firefox"/>
  <testcase name="UpdateProfile" time="36.270" classname="Firefox"/>
  <testcase name="UploadURL" time="64.000" classname="Firefox"/>
  <testcase name="signInwithInvalidCredential" time="8.124" classname="Firefox"/>
  <testcase name="PrivacySettings" time="29.331" classname="Firefox"/>
  <testcase name="ProcessOfPost" time="52.617" classname="Firefox"/>
  <testcase name="signInwithvalidCredential" time="6.674" classname="Firefox"/>
  <testcase name="UploadMedia" time="56.220" classname="Firefox"/>
</testsuite> <!-- Firefox -->
